build/app/outputs/mapping/productionRelease/seeds.txt
com.example.doctor_appointment.MainActivity
com.example.doctor_appointment.MainActivity: MainActivity()
...
androidx.datastore.preferences.PreferencesProto$Value: int LONG_FIELD_NUMBER
androidx.datastore.preferences.PreferencesProto$Value: int FLOAT_FIELD_NUMBER
kotlinx.coroutines.JobSupport: java.lang.Object _parentHandle
com.google.crypto.tink.proto.KeysetInfo$KeyInfo: int TYPE_URL_FIELD_NUMBER
com.google.crypto.tink.proto.KeyTypeEntry: int NEW_KEY_ALLOWED_FIELD_NUMBER
com.google.crypto.tink.proto.AesCmacKeyFormat: int PARAMS_FIELD_NUMBER
com.google.crypto.tink.proto.HmacKeyFormat: int VERSION_FIELD_NUMBER
com.google.crypto.tink.proto.KeysetInfo$KeyInfo: java.lang.String typeUrl_
com.google.crypto.tink.proto.AesCmacKey: int PARAMS_FIELD_NUMBER
com.google.crypto.tink.proto.ChaCha20Poly1305KeyFormat: com.google.crypto.tink.shaded.protobuf.Parser PARSER
com.google.crypto.tink.proto.AesSivKey: com.google.crypto.tink.shaded.protobuf.ByteString keyValue_
kotlinx.coroutines.scheduling.CoroutineScheduler: int _isTerminated
com.google.crypto.tink.proto.AesEaxParams: com.google.crypto.tink.shaded.protobuf.Parser PARSER
androidx.datastore.preferences.PreferencesProto$Value: int DOUBLE_FIELD_NUMBER
io.flutter.embedding.engine.renderer.FlutterRenderer$ImageReaderSurfaceProducer: boolean VERBOSE_LOGS
androidx.datastore.preferences.PreferencesProto$PreferenceMap: androidx.datastore.preferences.protobuf.Parser PARSER
com.google.crypto.tink.proto.EncryptedKeyset: com.google.crypto.tink.shaded.protobuf.ByteString encryptedKeyset_
kotlinx.coroutines.DefaultExecutor: java.lang.Thread _thread
com.google.crypto.tink.proto.HmacKey: com.google.crypto.tink.proto.HmacKey DEFAULT_INSTANCE
com.google.crypto.tink.proto.KmsAeadKey: com.google.crypto.tink.proto.KmsAeadKey DEFAULT_INSTANCE
io.flutter.embedding.engine.FlutterJNI: io.flutter.plugin.localization.LocalizationPlugin localizationPlugin
com.google.crypto.tink.proto.KeyTypeEntry: java.lang.String primitiveName_
com.google.crypto.tink.proto.AesCtrHmacAeadKeyFormat: com.google.crypto.tink.proto.AesCtrKeyFormat aesCtrKeyFormat_
com.google.crypto.tink.proto.Keyset$Key: com.google.crypto.tink.shaded.protobuf.Parser PARSER
io.flutter.view.AccessibilityViewEmbedder: java.util.Map embeddedViewToDisplayBounds
io.flutter.embedding.engine.renderer.FlutterRenderer$ImageReaderSurfaceProducer: boolean CLEANUP_ON_MEMORY_PRESSURE
kotlinx.coroutines.CancelledContinuation: int _resumed
com.google.crypto.tink.proto.KeyTypeEntry: int KEY_MANAGER_VERSION_FIELD_NUMBER
com.google.crypto.tink.proto.EncryptedKeyset: int KEYSET_INFO_FIELD_NUMBER
com.google.crypto.tink.proto.HmacKeyFormat: int keySize_
com.google.crypto.tink.proto.AesCtrHmacAeadKey: int version_
com.google.crypto.tink.proto.Keyset: int KEY_FIELD_NUMBER
kotlinx.coroutines.EventLoopImplBase: java.lang.Object _queue
io.flutter.embedding.engine.FlutterJNI: java.lang.String vmServiceUri
io.flutter.plugin.editing.ImeSyncDeferringInsetsCallback: boolean animating
kotlinx.coroutines.channels.BufferedChannel: long bufferEnd
io.flutter.embedding.engine.renderer.FlutterRenderer$ImageTextureRegistryEntry: boolean released
androidx.datastore.preferences.protobuf.GeneratedMessageLite: androidx.datastore.preferences.protobuf.UnknownFieldSetLite unknownFields
io.flutter.embedding.engine.FlutterJNI: io.flutter.embedding.engine.FlutterJNI$AccessibilityDelegate accessibilityDelegate
io.flutter.embedding.engine.renderer.FlutterRenderer$ImageReaderSurfaceProducer: long lastQueueTime
com.google.crypto.tink.proto.AesCmacKeyFormat: com.google.crypto.tink.proto.AesCmacParams params_
com.google.crypto.tink.proto.KeysetInfo$KeyInfo: int outputPrefixType_
androidx.datastore.preferences.PreferencesProto$PreferenceMap: androidx.datastore.preferences.protobuf.MapFieldLite preferences_
kotlinx.coroutines.internal.ConcurrentLinkedListNode: java.lang.Object _next
io.flutter.view.FlutterCallbackInformation: java.lang.String callbackClassName
androidx.datastore.preferences.PreferencesProto$Value: int valueCase_
com.google.crypto.tink.proto.AesSivKey: int KEY_VALUE_FIELD_NUMBER